13/09/29 12:40:41 PM,C:\AutoLaunch\Bin\Logs\29-09-2013_12-40-41_temp.log,Pass,43
13/09/29 12:45:37 PM,C:\AutoLaunch\Bin\Logs\29-09-2013_12-45-37_temp.log,Pass,22
13/09/29 12:46:06 PM,C:\AutoLaunch\Bin\Logs\29-09-2013_12-46-06_temp.log,Pass,14
17-Nov-13 11:10:27 AM,C:\AutoLaunch\Bin\Logs\17-11-2013_11-10-27_temp.log,Fail,113
17-Nov-13 11:12:26 AM,C:\AutoLaunch\Bin\Logs\17-11-2013_11-12-26_temp.log,Fail,143
17-Nov-13 11:15:34 AM,C:\AutoLaunch\Bin\Logs\17-11-2013_11-15-34_temp.log,Fail,117
17-Nov-13 11:21:20 AM,C:\AutoLaunch\Bin\Logs\17-11-2013_11-21-20_temp.log,Pass,46
17-Nov-13 11:54:48 AM,C:\AutoLaunch\Bin\Logs\17-11-2013_11-54-48_temp.log,Fail,1
17-Nov-13 12:06:56 PM,C:\AutoLaunch\Bin\Logs\17-11-2013_12-06-56_temp.log,Pass,13
17-Nov-13 12:07:20 PM,C:\AutoLaunch\Bin\Logs\17-11-2013_12-07-20_temp.log,Pass,21
17-Nov-13 12:07:51 PM,C:\AutoLaunch\Bin\Logs\17-11-2013_12-07-51_temp.log,Fail,1945
17-Nov-13 12:40:33 PM,C:\AutoLaunch\Bin\Logs\17-11-2013_12-40-33_temp.log,Fail,6
17-Nov-13 12:40:55 PM,C:\AutoLaunch\Bin\Logs\17-11-2013_12-40-55_temp.log,Fail,12
17-Nov-13 12:45:59 PM,C:\AutoLaunch\Bin\Logs\17-11-2013_12-45-59_temp.log,Pass,34
17-Nov-13 04:34:42 PM,C:\AutoLaunch\Bin\Logs\17-11-2013_16-34-42_temp.log,Pass,25
17-Nov-13 04:35:13 PM,C:\AutoLaunch\Bin\Logs\17-11-2013_16-35-13_temp.log,Fail,21
17-Nov-13 04:36:32 PM,C:\AutoLaunch\Bin\Logs\17-11-2013_16-36-32_temp.log,Pass,29
17-Nov-13 04:39:07 PM,C:\AutoLaunch\Bin\Logs\17-11-2013_16-39-07_temp.log,Fail,27
17-Nov-13 04:39:35 PM,C:\AutoLaunch\Bin\Logs\17-11-2013_16-39-35_temp.log,Fail,26
21-Nov-13 04:49:20 PM,C:\AutoLaunch\Bin\Logs\21-11-2013_16-49-20_temp.log,Fail,32
26-Nov-13 03:05:03 PM,C:\AutoLaunch\Bin\Logs\26-11-2013_15-05-03_count.log,Pass,3
26-Nov-13 03:05:08 PM,C:\AutoLaunch\Bin\Logs\26-11-2013_15-05-08_count.log,Pass,3
10-Dec-13 05:46:24 PM,C:\AutoLaunch\Bin\Logs\10-12-2013_17-46-24_temp.log,Pass,7
10-Dec-13 05:47:47 PM,C:\AutoLaunch\Bin\Logs\10-12-2013_17-47-47_temp.log,Pass,2
10-Dec-13 05:49:06 PM,C:\AutoLaunch\Bin\Logs\10-12-2013_17-49-06_temp.log,Pass,4
10-Dec-13 05:50:42 PM,C:\AutoLaunch\Bin\Logs\10-12-2013_17-50-42_temp.log,Pass,1
10-Dec-13 06:00:09 PM,C:\AutoLaunch\Bin\Logs\10-12-2013_18-00-09_temp.log,Pass,3
10-Dec-13 06:03:25 PM,C:\AutoLaunch\Bin\Logs\10-12-2013_18-03-25_temp.log,Pass,0
10-Dec-13 06:03:50 PM,C:\AutoLaunch\Bin\Logs\10-12-2013_18-03-50_temp.log,Pass,0
10-Dec-13 06:04:27 PM,C:\AutoLaunch\Bin\Logs\10-12-2013_18-04-27_temp.log,Pass,1
10-Dec-13 06:05:04 PM,C:\AutoLaunch\Bin\Logs\10-12-2013_18-05-04_temp.log,Pass,374
10-Dec-13 06:13:51 PM,C:\AutoLaunch\Bin\Logs\10-12-2013_18-13-51_temp.log,Pass,1
10-Dec-13 06:15:45 PM,C:\AutoLaunch\Bin\Logs\10-12-2013_18-15-45_temp.log,Pass,1
12-Dec-13 10:14:45 AM,C:\AutoLaunch\Bin\Logs\12-12-2013_10-14-45_LableSuite.log,Pass,160
12-Dec-13 10:34:52 AM,C:\AutoLaunch\Bin\Logs\12-12-2013_10-34-52_LableSuite.log,Pass,28
12-Dec-13 10:38:43 AM,C:\AutoLaunch\Bin\Logs\12-12-2013_10-38-43_LableSuite.log,Pass,16
12-Dec-13 10:52:33 AM,C:\AutoLaunch\Bin\Logs\12-12-2013_10-52-33_LableSuite.log,Pass,38
12-Dec-13 11:06:57 AM,C:\AutoLaunch\Bin\Logs\12-12-2013_11-06-57_LableSuite.log,Pass,55
12-Dec-13 11:09:34 AM,C:\AutoLaunch\Bin\Logs\12-12-2013_11-09-34_LableSuite.log,Pass,12
12-Dec-13 02:08:10 PM,C:\AutoLaunch\Bin\Logs\12-12-2013_14-08-10_LableSuite.log,Pass,46
12-Dec-13 02:16:45 PM,C:\AutoLaunch\Bin\Logs\12-12-2013_14-16-45_LableSuite.log,Pass,16
12-Dec-13 02:17:56 PM,C:\AutoLaunch\Bin\Logs\12-12-2013_14-17-56_LableSuite.log,Pass,10
12-Dec-13 02:22:49 PM,C:\AutoLaunch\Bin\Logs\12-12-2013_14-22-49_LableSuite.log,Pass,10
12-Dec-13 02:24:59 PM,C:\AutoLaunch\Bin\Logs\12-12-2013_14-24-59_LableSuite.log,Pass,10
12-Dec-13 02:57:34 PM,C:\AutoLaunch\Bin\Logs\12-12-2013_14-57-34_LableSuite.log,Pass,31
12-Dec-13 02:58:37 PM,C:\AutoLaunch\Bin\Logs\12-12-2013_14-58-37_LableSuite.log,Pass,6
14-Dec-13 03:22:13 PM,C:\AutoLaunch\Bin\Logs\14-12-2013_15-22-13_LableSuite.log,Fail,5
14-Dec-13 03:22:38 PM,C:\AutoLaunch\Bin\Logs\14-12-2013_15-22-38_LableSuite.log,Fail,0
14-Dec-13 04:08:38 PM,C:\AutoLaunch\Bin\Logs\14-12-2013_16-08-38_LableSuite1.log,Pass,30
15-Dec-13 10:34:59 AM,C:\AutoLaunch\Bin\Logs\15-12-2013_10-34-59_temp.log,Pass,19
15-Dec-13 10:36:37 AM,C:\AutoLaunch\Bin\Logs\15-12-2013_10-36-37_temp.log,Pass,39
15-Dec-13 02:15:14 PM,C:\AutoLaunch\Bin\Logs\15-12-2013_14-15-14_temp.log,Pass,59
12-Feb-14 02:04:03 PM,temp,Pass,0
12-Feb-14 02:05:17 PM,temp,Pass,20
12-Feb-14 02:12:11 PM,temp,Pass,21
12-Feb-14 02:13:22 PM,temp,Pass,38
12-Feb-14 02:20:26 PM,temp,Pass,2
23-Feb-14 06:15:08 PM,test1,Pass,0
14-Mar-14 01:50:54 PM,temp,Pass,32
14-Mar-14 01:56:17 PM,temp,Pass,0
14-Mar-14 07:59:40 PM,temp,Pass,11
14-Mar-14 08:01:47 PM,temp,Pass,2
16-Mar-14 03:20:56 PM,temp,Pass,0
16-Mar-14 03:24:37 PM,temp,Fail,0
16-Mar-14 03:25:56 PM,temp,Fail,0
17-Mar-14 02:22:55 PM,temp,Fail,0
25-Mar-14 02:41:15 PM,temp,Pass,10
25-Mar-14 02:42:13 PM,temp,Pass,10
25-Mar-14 02:43:41 PM,temp,Pass,14
25-Mar-14 02:44:34 PM,temp,Pass,10
25-Mar-14 02:45:00 PM,temp,Pass,39
25-Mar-14 02:49:47 PM,temp,Pass,6
25-Mar-14 02:50:11 PM,temp,Pass,3
25-Mar-14 02:50:25 PM,temp,Pass,1
25-Mar-14 02:50:32 PM,temp,Pass,0
25-Mar-14 02:55:38 PM,temp,Pass,8
25-Mar-14 02:55:55 PM,temp,Pass,2
25-Mar-14 02:56:01 PM,temp,Pass,1
25-Mar-14 02:56:08 PM,temp,Pass,1
31-Mar-14 06:13:50 PM,test1,Fail,-2147483648
31-Mar-14 06:14:04 PM,test1,Fail,-2147483648
31-Mar-14 06:14:14 PM,test1,Fail,-2147483648
10-Apr-14 10:23:36 AM,temp,Fail,-2147483648
10-Apr-14 10:30:20 AM,temp,Fail,-2147483648
10-Apr-14 10:32:57 AM,temp,Pass,0
10-Apr-14 01:24:47 PM,temp,Pass,0
18-May-14 11:48:11 AM,temp,Pass,9
18-May-14 11:48:39 AM,temp,Pass,4
18-May-14 11:53:07 AM,temp,Fail,-2147483648
18-May-14 11:55:26 AM,temp,Fail,-2147483648
18-May-14 11:55:42 AM,temp,Fail,-2147483648
18-May-14 11:55:50 AM,temp,Pass,1
18-May-14 12:32:26 PM,temp,Pass,24
19-May-14 12:12:14 PM,temp,Pass,0
19-May-14 12:12:43 PM,temp,Pass,21
21-May-14 07:55:53 AM,temp,Pass,13
27-Oct-14 05:54:18 PM,temp,Fail,-2147483648
13-Nov-14 05:03:34 PM,temp,Pass,28
13-Nov-14 05:06:39 PM,tempS,Pass,10
13-Nov-14 05:19:54 PM,tempS,Pass,10
13-Nov-14 05:24:16 PM,tempS,Pass,10
13-Nov-14 05:26:46 PM,tempS,Pass,10
13-Nov-14 05:27:19 PM,tempS,Pass,10
13-Nov-14 05:30:49 PM,tempS,Pass,10
13-Nov-14 05:32:20 PM,tempS,Pass,12
13-Nov-14 05:33:34 PM,tempS,Pass,9
13-Nov-14 05:33:50 PM,tempS,Pass,10
13-Nov-14 06:00:36 PM,tempS,Pass,10
13-Nov-14 06:01:08 PM,tempS,Pass,10
19-Mar-15 04:14:31 PM,nWGT_Suite,Pass,9
19-Mar-15 04:14:51 PM,nWGT_Suite,Fail,-2147483648
19-Mar-15 04:15:50 PM,nWGT_Suite,Fail,-2147483648
19-Mar-15 04:16:37 PM,nWGT_Suite,Fail,-2147483648
19-Mar-15 04:51:47 PM,nWGT_Suite,Pass,41
19-Mar-15 04:54:21 PM,nWGT_Suite,Pass,6
19-Mar-15 04:58:47 PM,nWGT_Suite,Pass,58
19-Mar-15 05:00:03 PM,nWGT_Suite,Fail,-2147483648
19-Mar-15 05:01:20 PM,nWGT_Suite,Fail,-2147483648
19-Mar-15 05:02:02 PM,nWGT_Suite,Pass,87
19-Mar-15 05:03:37 PM,nWGT_Suite,Fail,-2147483648
10-May-15 02:39:52 PM,temp,Fail,18
10-May-15 03:00:53 PM,temp,Fail,13
10-May-15 03:01:32 PM,temp,Pass,10
10-May-15 03:02:06 PM,temp,Pass,10
10-May-15 03:02:49 PM,temp,Fail,10
10-May-15 03:10:08 PM,temp,Fail,10
10-May-15 03:12:22 PM,temp,Fail,10
10-May-15 03:12:35 PM,temp,Pass,10
